<?xml version="1.0" encoding="UTF-8"?>
<testsuite xmlns:xsi="http://www.w3.org/2001/XMLSchema-instance" xsi:noNamespaceSchemaLocation="https://maven.apache.org/surefire/maven-surefire-plugin/xsd/surefire-test-report-3.0.xsd" version="3.0" name="TestSuite" time="1.915" tests="8" errors="0" skipped="0" failures="0">
  <properties>
    <property name="java.specification.version" value="15"/>
    <property name="sun.cpu.isalist" value="amd64"/>
    <property name="sun.jnu.encoding" value="Cp1252"/>
    <property name="java.class.path" value="C:\Users\Chaithra B\eclipse-workspace\TestNgProject\target\test-classes;C:\Users\Chaithra B\eclipse-workspace\TestNgProject\target\classes;C:\Users\Chaithra B\.m2\repository\org\testng\testng\6.14.3\testng-6.14.3.jar;C:\Users\Chaithra B\.m2\repository\com\beust\jcommander\1.72\jcommander-1.72.jar;C:\Users\Chaithra B\.m2\repository\org\apache-extras\beanshell\bsh\2.0b6\bsh-2.0b6.jar;"/>
    <property name="java.vm.vendor" value="Oracle Corporation"/>
    <property name="sun.arch.data.model" value="64"/>
    <property name="user.variant" value=""/>
    <property name="java.vendor.url" value="https://java.oracle.com/"/>
    <property name="user.timezone" value="Asia/Calcutta"/>
    <property name="os.name" value="Windows 10"/>
    <property name="java.vm.specification.version" value="15"/>
    <property name="sun.java.launcher" value="SUN_STANDARD"/>
    <property name="user.country" value="IN"/>
    <property name="sun.boot.library.path" value="C:\Program Files\Java\jdk-15.0.2\bin"/>
    <property name="sun.java.command" value="C:\Users\Chaithra B\AppData\Local\Temp\surefire3124154652461900771\surefirebooter17599763377455390366.jar C:\Users\Chaithra B\AppData\Local\Temp\surefire3124154652461900771 2023-04-16T10-25-26_630-jvmRun1 surefire10939496289022597045tmp surefire_04620351025399514275tmp"/>
    <property name="jdk.debug" value="release"/>
    <property name="surefire.test.class.path" value="C:\Users\Chaithra B\eclipse-workspace\TestNgProject\target\test-classes;C:\Users\Chaithra B\eclipse-workspace\TestNgProject\target\classes;C:\Users\Chaithra B\.m2\repository\org\testng\testng\6.14.3\testng-6.14.3.jar;C:\Users\Chaithra B\.m2\repository\com\beust\jcommander\1.72\jcommander-1.72.jar;C:\Users\Chaithra B\.m2\repository\org\apache-extras\beanshell\bsh\2.0b6\bsh-2.0b6.jar;"/>
    <property name="sun.cpu.endian" value="little"/>
    <property name="user.home" value="C:\Users\Chaithra B"/>
    <property name="user.language" value="en"/>
    <property name="java.specification.vendor" value="Oracle Corporation"/>
    <property name="java.version.date" value="2021-01-19"/>
    <property name="java.home" value="C:\Program Files\Java\jdk-15.0.2"/>
    <property name="file.separator" value="\"/>
    <property name="basedir" value="C:\Users\Chaithra B\eclipse-workspace\TestNgProject"/>
    <property name="java.vm.compressedOopsMode" value="32-bit"/>
    <property name="line.separator" value="&#10;"/>
    <property name="java.vm.specification.vendor" value="Oracle Corporation"/>
    <property name="java.specification.name" value="Java Platform API Specification"/>
    <property name="surefire.real.class.path" value="C:\Users\Chaithra B\AppData\Local\Temp\surefire3124154652461900771\surefirebooter17599763377455390366.jar"/>
    <property name="user.script" value=""/>
    <property name="sun.management.compiler" value="HotSpot 64-Bit Tiered Compilers"/>
    <property name="java.runtime.version" value="15.0.2+7-27"/>
    <property name="user.name" value="Chaithra B"/>
    <property name="path.separator" value=";"/>
    <property name="os.version" value="10.0"/>
    <property name="java.runtime.name" value="Java(TM) SE Runtime Environment"/>
    <property name="file.encoding" value="Cp1252"/>
    <property name="java.vm.name" value="Java HotSpot(TM) 64-Bit Server VM"/>
    <property name="localRepository" value="C:\Users\Chaithra B\.m2\repository"/>
    <property name="java.vendor.url.bug" value="https://bugreport.java.com/bugreport/"/>
    <property name="java.io.tmpdir" value="C:\Users\CHAITH~1\AppData\Local\Temp\"/>
    <property name="java.version" value="15.0.2"/>
    <property name="user.dir" value="C:\Users\Chaithra B\eclipse-workspace\TestNgProject"/>
    <property name="os.arch" value="amd64"/>
    <property name="java.vm.specification.name" value="Java Virtual Machine Specification"/>
    <property name="sun.os.patch.level" value=""/>
    <property name="java.library.path" value="C:\Program Files\Java\jdk-15.0.2\bin;C:\WINDOWS\Sun\Java\bin;C:\WINDOWS\system32;C:\WINDOWS;C:\Python310\Scripts\;C:\Python310\;C:\Program Files\Common Files\Oracle\Java\javapath;C:\Program Files (x86)\Common Files\Oracle\Java\javapath;C:\Windows\system32;C:\Windows;C:\Windows\System32\Wbem;C:\Windows\System32\WindowsPowerShell\v1.0\;C:\Windows\System32\OpenSSH\;C:\Program Files (x86)\NVIDIA Corporation\PhysX\Common;C:\Program Files\NVIDIA Corporation\NVIDIA NvDLISR;C:\Python27;C:\WINDOWS\system32;C:\WINDOWS;C:\WINDOWS\System32\Wbem;C:\WINDOWS\System32\WindowsPowerShell\v1.0\;C:\WINDOWS\System32\OpenSSH\;C:\Program Files (x86)\Microsoft SQL Server\Client SDK\ODBC\130\Tools\Binn\;C:\Program Files (x86)\Microsoft SQL Server\140\Tools\Binn\;C:\Program Files (x86)\Microsoft SQL Server\140\DTS\Binn\;C:\Program Files (x86)\Microsoft SQL Server\140\Tools\Binn\ManagementStudio\;C:\ProgramData\chocolatey\bin;C:\Program Files\nodejs\;C:\WINDOWS\system32;C:\WINDOWS;C:\WINDOWS\System32\Wbem;C:\WINDOWS\System32\WindowsPowerShell\v1.0\;C:\WINDOWS\System32\OpenSSH\;C:\Program Files\MySQL\MySQL Server 8.0\bin;C:\Program Files\Git\cmd;C:\Program Files\Git\mingw64\bin;C:\Program Files\Git\usr\bin;C:\Users\Chaithra B\Downloads\apache-maven-3.9.1-bin\apache-maven-3.9.1\bin;C:\Program Files\MySQL\MySQL Shell 8.0\bin\;C:\Users\Chaithra B\AppData\Local\Microsoft\WindowsApps;C:\Users\Chaithra B\AppData\Roaming\npm;C:\Users\Chaithra B\AppData\Local\Programs\Microsoft VS Code\bin;C:\Python27;;."/>
    <property name="java.vm.info" value="mixed mode, sharing"/>
    <property name="java.vendor" value="Oracle Corporation"/>
    <property name="java.vm.version" value="15.0.2+7-27"/>
    <property name="sun.io.unicode.encoding" value="UnicodeLittle"/>
    <property name="java.class.version" value="59.0"/>
  </properties>
  <testcase name="test7" classname="testcases.CarLoanTest" time="0.002">
    <system-out><![CDATA[[TestNGContentHandler] [WARN] It is strongly recommended to add "<!DOCTYPE suite SYSTEM "http://testng.org/testng-1.0.dtd" >" at the top of your file, otherwise TestNG may fail or not work as expected.
[TestNGContentHandler] [WARN] It is strongly recommended to add "<!DOCTYPE suite SYSTEM "http://testng.org/testng-1.0.dtd" >" at the top of your file, otherwise TestNG may fail or not work as expected.
Inside before Test
Inside Before method
Inside CarLoan test7
]]></system-out>
  </testcase>
  <testcase name="test7" classname="testcases.CarLoanTest" time="0">
    <system-out><![CDATA[Inside after test
Inside before Test
Inside CarLoan test7
]]></system-out>
  </testcase>
  <testcase name="test3" classname="testcases.CarLoanTest" time="0">
    <system-out><![CDATA[Inside After method
Inside Before method
Inside CarLoan test3
]]></system-out>
  </testcase>
  <testcase name="test4" classname="testcases.CreditCardTest" time="0">
    <system-out><![CDATA[Inside After method
Inside Before method
Inside Creditcard test4
]]></system-out>
  </testcase>
  <testcase name="test4" classname="testcases.CreditCardTest" time="0">
    <system-out><![CDATA[Inside Creditcard test4
]]></system-out>
  </testcase>
  <testcase name="test5" classname="testcases.CreditCardTest" time="0.001">
    <system-out><![CDATA[Inside After method
Inside Before method
Inside Creditcard test5
]]></system-out>
  </testcase>
  <testcase name="test6" classname="testcases.HomeLoanTest" time="0.001">
    <system-out><![CDATA[Inside After method
inside Home loan test6
]]></system-out>
  </testcase>
  <testcase name="test6" classname="testcases.HomeLoanTest" time="0.003">
    <system-out><![CDATA[inside Home loan test6
]]></system-out>
  </testcase>
</testsuite>