<?xml version="1.0" encoding="UTF-8"?>
<!-- Generated by org.testng.reporters.JUnitReportReporter -->
<testsuite hostname="LAPTOP-54CIPACA" failures="0" tests="2" name="testcases.HomeLoanTest" time="0.001" errors="0" timestamp="16 Apr 2023 04:33:01 GMT" skipped="1">
  <testcase classname="testcases.HomeLoanTest" name="test6" time="0.001"/>
  <testcase classname="testcases.HomeLoanTest" name="test1">
    <skipped/>
  </testcase> <!-- test1 -->
</testsuite> <!-- testcases.HomeLoanTest -->
