<?xml version="1.0" encoding="UTF-8"?>
<!-- Generated by org.testng.reporters.JUnitReportReporter -->
<testsuite hostname="LAPTOP-54CIPACA" failures="0" tests="1" name="testcases.CarLoanTest" time="0.007" errors="0" timestamp="16 Apr 2023 04:33:01 GMT" skipped="0">
  <testcase classname="testcases.CarLoanTest" name="test7" time="0.007"/>
</testsuite> <!-- testcases.CarLoanTest -->
