<?xml version="1.0" encoding="UTF-8"?>
<!-- Generated by org.testng.reporters.JUnitReportReporter -->
<testsuite hostname="LAPTOP-54CIPACA" failures="0" tests="4" name="testcases.HomeLoanTest" time="0.000" errors="0" timestamp="16 Apr 2023 04:55:29 GMT" skipped="2">
  <testcase classname="testcases.HomeLoanTest" name="test6" time="0.000"/>
  <testcase classname="testcases.HomeLoanTest" name="test6" time="0.000"/>
  <testcase classname="testcases.HomeLoanTest" name="test1">
    <skipped/>
  </testcase> <!-- test1 -->
  <testcase classname="testcases.HomeLoanTest" name="test1">
    <skipped/>
  </testcase> <!-- test1 -->
</testsuite> <!-- testcases.HomeLoanTest -->
