<?xml version="1.0" encoding="UTF-8"?>
<!-- Generated by org.testng.reporters.JUnitReportReporter -->
<testsuite hostname="LAPTOP-54CIPACA" failures="0" tests="3" name="testcases.CarLoanTest" time="0.002" errors="0" timestamp="16 Apr 2023 04:55:29 GMT" skipped="0">
  <testcase classname="testcases.CarLoanTest" name="test7" time="0.000"/>
  <testcase classname="testcases.CarLoanTest" name="test7" time="0.001"/>
  <testcase classname="testcases.CarLoanTest" name="test3" time="0.001"/>
</testsuite> <!-- testcases.CarLoanTest -->
