<?xml version="1.0" encoding="UTF-8"?>
<!-- Generated by org.testng.reporters.JUnitReportReporter -->
<testsuite hostname="LAPTOP-54CIPACA" failures="0" tests="3" name="testcases.CreditCardTest" time="0.001" errors="0" timestamp="16 Apr 2023 04:55:29 GMT" skipped="0">
  <testcase classname="testcases.CreditCardTest" name="test5" time="0.000"/>
  <testcase classname="testcases.CreditCardTest" name="test4" time="0.000"/>
  <testcase classname="testcases.CreditCardTest" name="test4" time="0.001"/>
</testsuite> <!-- testcases.CreditCardTest -->
